<?xml version="1.0" encoding="UTF-8"?>
<!-- Generated by org.testng.reporters.JUnitReportReporter -->
<testsuite hostname="JAISU1158856L" failures="0" tests="1" name="com.banking.testCases.TC_LoginTest_001" time="7.353" errors="0" timestamp="11 Feb 2021 13:50:04 GMT" skipped="0">
  <testcase classname="com.banking.testCases.TC_LoginTest_001" name="loginTest" time="7.353"/>
</testsuite> <!-- com.banking.testCases.TC_LoginTest_001 -->
